2022-05-23 11:54:20,545:INFO:PyCaret Supervised Module
2022-05-23 11:54:20,545:INFO:ML Usecase: classification
2022-05-23 11:54:20,545:INFO:version 2.3.6
2022-05-23 11:54:20,545:INFO:Initializing setup()
2022-05-23 11:54:20,545:INFO:setup(target=HeartDisease, ml_usecase=classification, available_plots={'parameter': 'Hyperparameters', 'auc': 'AUC', 'confusion_matrix': 'Confusion Matrix', 'threshold': 'Threshold', 'pr': 'Precision Recall', 'error': 'Prediction Error', 'class_report': 'Class Report', 'rfe': 'Feature Selection', 'learning': 'Learning Curve', 'manifold': 'Manifold Learning', 'calibration': 'Calibration Curve', 'vc': 'Validation Curve', 'dimension': 'Dimensions', 'feature': 'Feature Importance', 'feature_all': 'Feature Importance (All)', 'boundary': 'Decision Boundary', 'lift': 'Lift Chart', 'gain': 'Gain Chart', 'tree': 'Decision Tree', 'ks': 'KS Statistic Plot'}, train_size=0.7, test_data=None, preprocess=True, imputation_type=simple, iterative_imputation_iters=5, categorical_features=None, categorical_imputation=constant, categorical_iterative_imputer=lightgbm, ordinal_features=None, high_cardinality_features=None, high_cardinality_method=frequency, numeric_features=None, numeric_imputation=mean, numeric_iterative_imputer=lightgbm, date_features=None, ignore_features=None, normalize=False, normalize_method=zscore, transformation=False, transformation_method=yeo-johnson, handle_unknown_categorical=True, unknown_categorical_method=least_frequent, pca=False, pca_method=linear, pca_components=None, ignore_low_variance=False, combine_rare_levels=False, rare_level_threshold=0.1, bin_numeric_features=None, remove_outliers=False, outliers_threshold=0.05, remove_multicollinearity=False, multicollinearity_threshold=0.9, remove_perfect_collinearity=True, create_clusters=False, cluster_iter=20, polynomial_features=False, polynomial_degree=2, trigonometry_features=False, polynomial_threshold=0.1, group_features=None, group_names=None, feature_selection=False, feature_selection_threshold=0.8, feature_selection_method=classic, feature_interaction=False, feature_ratio=False, interaction_threshold=0.01, fix_imbalance=False, fix_imbalance_method=None, transform_target=False, transform_target_method=box-cox, data_split_shuffle=True, data_split_stratify=False, fold_strategy=stratifiedkfold, fold=10, fold_shuffle=False, fold_groups=None, n_jobs=-1, use_gpu=False, custom_pipeline=None, html=True, session_id=None, log_experiment=False, experiment_name=None, log_plots=False, log_profile=False, log_data=False, silent=False, verbose=True, profile=False, profile_kwargs=None, display=None)
2022-05-23 11:54:20,546:INFO:Checking environment
2022-05-23 11:54:20,546:INFO:python_version: 3.8.8
2022-05-23 11:54:20,546:INFO:python_build: ('default', 'Apr 13 2021 15:08:03')
2022-05-23 11:54:20,546:INFO:machine: AMD64
2022-05-23 11:54:20,546:INFO:platform: Windows-10-10.0.22000-SP0
2022-05-23 11:54:20,546:INFO:Memory: svmem(total=17111293952, available=8535875584, percent=50.1, used=8575418368, free=8535875584)
2022-05-23 11:54:20,546:INFO:Physical Core: 6
2022-05-23 11:54:20,546:INFO:Logical Core: 6
2022-05-23 11:54:20,546:INFO:Checking libraries
2022-05-23 11:54:20,546:INFO:pd==1.2.4
2022-05-23 11:54:20,546:INFO:numpy==1.19.5
2022-05-23 11:54:20,546:INFO:sklearn==0.23.2
2022-05-23 11:54:20,546:INFO:lightgbm==3.3.2
2022-05-23 11:54:20,547:WARNING:catboost not found
2022-05-23 11:54:20,548:WARNING:xgboost not found
2022-05-23 11:54:21,419:INFO:mlflow==1.24.0
2022-05-23 11:54:21,419:INFO:Checking Exceptions
2022-05-23 11:54:21,419:INFO:Declaring global variables
2022-05-23 11:54:21,419:INFO:USI: adc7
2022-05-23 11:54:21,419:INFO:pycaret_globals: {'_ml_usecase', 'y_train', 'fold_groups_param', 'fix_imbalance_param', 'fold_groups_param_full', 'create_model_container', 'imputation_classifier', 'display_container', 'logging_param', 'experiment__', '_all_models_internal', 'transform_target_method_param', 'fold_param', 'fold_generator', 'pycaret_globals', 'X_test', '_all_models', 'X_train', 'USI', 'exp_name_log', 'fold_shuffle_param', 'target_param', 'X', 'transform_target_param', 'stratify_param', '_available_plots', '_all_metrics', 'master_model_container', 'html_param', 'prep_pipe', 'iterative_imputation_iters_param', 'imputation_regressor', 'fix_imbalance_method_param', 'data_before_preprocess', 'n_jobs_param', 'gpu_param', 'seed', '_gpu_n_jobs_param', '_internal_pipeline', 'y', 'log_plots_param', 'y_test'}
2022-05-23 11:54:21,419:INFO:Preparing display monitor
2022-05-23 11:54:21,419:INFO:Preparing display monitor
2022-05-23 11:54:21,431:INFO:Importing libraries
2022-05-23 11:54:21,431:INFO:Copying data for preprocessing
2022-05-23 11:54:21,452:INFO:Declaring preprocessing parameters
2022-05-23 11:54:21,496:INFO:Creating preprocessing pipeline
2022-05-23 11:54:22,156:INFO:Preprocessing pipeline created successfully
2022-05-23 11:54:22,156:ERROR:(Process Exit): setup has been interupted with user command 'quit'. setup must rerun.
2022-05-23 11:54:22,156:INFO:Creating global containers
2022-05-23 11:54:22,159:INFO:Internal pipeline: Pipeline(memory=None, steps=[('empty_step', 'passthrough')], verbose=False)
2022-05-23 11:54:37,643:WARNING:Couldn't import xgboost.XGBClassifier
2022-05-23 11:54:37,644:WARNING:Couldn't import catboost.CatBoostClassifier
2022-05-23 11:54:37,716:WARNING:Couldn't import xgboost.XGBClassifier
2022-05-23 11:54:37,717:WARNING:Couldn't import catboost.CatBoostClassifier
2022-05-23 11:54:37,717:INFO:Creating grid variables
2022-05-23 11:54:37,874:INFO:create_model_container: 0
2022-05-23 11:54:37,874:INFO:master_model_container: 0
2022-05-23 11:54:37,874:INFO:display_container: 1
2022-05-23 11:54:37,878:INFO:Pipeline(memory=None,
         steps=[('dtypes',
                 DataTypes_Auto_infer(categorical_features=[],
                                      display_types=True, features_todrop=[],
                                      id_columns=[],
                                      ml_usecase='classification',
                                      numerical_features=[],
                                      target='HeartDisease',
                                      time_features=[])),
                ('imputer',
                 Simple_Imputer(categorical_strategy='not_available',
                                fill_value_categorical=None,
                                fill_value_numerical=None,
                                numeric...
                ('scaling', 'passthrough'), ('P_transform', 'passthrough'),
                ('binn', 'passthrough'), ('rem_outliers', 'passthrough'),
                ('cluster_all', 'passthrough'),
                ('dummy', Dummify(target='HeartDisease')),
                ('fix_perfect', Remove_100(target='HeartDisease')),
                ('clean_names', Clean_Colum_Names()),
                ('feature_select', 'passthrough'), ('fix_multi', 'passthrough'),
                ('dfs', 'passthrough'), ('pca', 'passthrough')],
         verbose=False)
2022-05-23 11:54:37,879:INFO:setup() succesfully completed......................................
2022-05-23 11:55:27,873:INFO:Initializing compare_models()
2022-05-23 11:55:27,873:INFO:compare_models(include=None, fold=None, round=4, cross_validation=True, sort=Accuracy, n_select=1, budget_time=None, turbo=True, errors=ignore, fit_kwargs=None, groups=None, probability_threshold=None, verbose=True, display=None, exclude=None)
2022-05-23 11:55:27,873:INFO:Checking exceptions
2022-05-23 11:55:27,877:INFO:Preparing display monitor
2022-05-23 11:55:27,877:INFO:Preparing display monitor
2022-05-23 11:55:27,904:INFO:Initializing Logistic Regression
2022-05-23 11:55:27,904:INFO:Total runtime is 0.0 minutes
2022-05-23 11:55:27,913:INFO:SubProcess create_model() called ==================================
2022-05-23 11:55:27,913:INFO:Initializing create_model()
2022-05-23 11:55:27,913:INFO:create_model(estimator=lr, fold=StratifiedKFold(n_splits=10, random_state=None, shuffle=False), round=4, cross_validation=True, predict=True, fit_kwargs={}, groups=None, refit=False, verbose=False, system=False, metrics=None, add_to_model_list=True, probability_threshold=None, display=<pycaret.internal.Display.Display object at 0x000002DAA2E87400>, kwargs={})
2022-05-23 11:55:27,914:INFO:Checking exceptions
2022-05-23 11:55:27,914:INFO:Importing libraries
2022-05-23 11:55:27,914:INFO:Copying training dataset
2022-05-23 11:55:27,927:INFO:Defining folds
2022-05-23 11:55:27,927:INFO:Declaring metric variables
2022-05-23 11:55:27,935:INFO:Importing untrained model
2022-05-23 11:55:27,943:INFO:Logistic Regression Imported succesfully
2022-05-23 11:55:27,957:INFO:Starting cross validation
2022-05-23 11:55:27,958:INFO:Cross validating with StratifiedKFold(n_splits=10, random_state=None, shuffle=False), n_jobs=-1
2022-05-23 11:56:41,109:INFO:Calculating mean and std
2022-05-23 11:56:41,110:INFO:Creating metrics dataframe
2022-05-23 11:56:41,113:INFO:Uploading results into container
2022-05-23 11:56:41,113:INFO:Uploading model into container now
2022-05-23 11:56:41,113:INFO:create_model_container: 1
2022-05-23 11:56:41,113:INFO:master_model_container: 1
2022-05-23 11:56:41,114:INFO:display_container: 2
2022-05-23 11:56:41,114:INFO:LogisticRegression(C=1.0, class_weight=None, dual=False, fit_intercept=True,
                   intercept_scaling=1, l1_ratio=None, max_iter=1000,
                   multi_class='auto', n_jobs=None, penalty='l2',
                   random_state=2404, solver='lbfgs', tol=0.0001, verbose=0,
                   warm_start=False)
2022-05-23 11:56:41,114:INFO:create_model() succesfully completed......................................
2022-05-23 11:56:41,171:INFO:SubProcess create_model() end ==================================
2022-05-23 11:56:41,171:INFO:Creating metrics dataframe
2022-05-23 11:56:41,185:INFO:Initializing K Neighbors Classifier
2022-05-23 11:56:41,186:INFO:Total runtime is 1.2213571826616922 minutes
2022-05-23 11:56:41,193:INFO:SubProcess create_model() called ==================================
2022-05-23 11:56:41,193:INFO:Initializing create_model()
2022-05-23 11:56:41,193:INFO:create_model(estimator=knn, fold=StratifiedKFold(n_splits=10, random_state=None, shuffle=False), round=4, cross_validation=True, predict=True, fit_kwargs={}, groups=None, refit=False, verbose=False, system=False, metrics=None, add_to_model_list=True, probability_threshold=None, display=<pycaret.internal.Display.Display object at 0x000002DAA2E87400>, kwargs={})
2022-05-23 11:56:41,193:INFO:Checking exceptions
2022-05-23 11:56:41,193:INFO:Importing libraries
2022-05-23 11:56:41,194:INFO:Copying training dataset
2022-05-23 11:56:41,203:INFO:Defining folds
2022-05-23 11:56:41,203:INFO:Declaring metric variables
2022-05-23 11:56:41,209:INFO:Importing untrained model
2022-05-23 11:56:41,216:INFO:K Neighbors Classifier Imported succesfully
2022-05-23 11:56:41,229:INFO:Starting cross validation
2022-05-23 11:56:41,230:INFO:Cross validating with StratifiedKFold(n_splits=10, random_state=None, shuffle=False), n_jobs=-1
2022-05-23 12:01:33,728:INFO:Calculating mean and std
2022-05-23 12:01:33,729:INFO:Creating metrics dataframe
2022-05-23 12:01:33,732:INFO:Uploading results into container
2022-05-23 12:01:33,732:INFO:Uploading model into container now
2022-05-23 12:01:33,733:INFO:create_model_container: 2
2022-05-23 12:01:33,733:INFO:master_model_container: 2
2022-05-23 12:01:33,733:INFO:display_container: 2
2022-05-23 12:01:33,733:INFO:KNeighborsClassifier(algorithm='auto', leaf_size=30, metric='minkowski',
                     metric_params=None, n_jobs=-1, n_neighbors=5, p=2,
                     weights='uniform')
2022-05-23 12:01:33,733:INFO:create_model() succesfully completed......................................
2022-05-23 12:01:33,790:INFO:SubProcess create_model() end ==================================
2022-05-23 12:01:33,790:INFO:Creating metrics dataframe
2022-05-23 12:01:33,807:INFO:Initializing Naive Bayes
2022-05-23 12:01:33,807:INFO:Total runtime is 6.098375471433004 minutes
2022-05-23 12:01:33,814:INFO:SubProcess create_model() called ==================================
2022-05-23 12:01:33,815:INFO:Initializing create_model()
2022-05-23 12:01:33,815:INFO:create_model(estimator=nb, fold=StratifiedKFold(n_splits=10, random_state=None, shuffle=False), round=4, cross_validation=True, predict=True, fit_kwargs={}, groups=None, refit=False, verbose=False, system=False, metrics=None, add_to_model_list=True, probability_threshold=None, display=<pycaret.internal.Display.Display object at 0x000002DAA2E87400>, kwargs={})
2022-05-23 12:01:33,815:INFO:Checking exceptions
2022-05-23 12:01:33,815:INFO:Importing libraries
2022-05-23 12:01:33,815:INFO:Copying training dataset
2022-05-23 12:01:33,826:INFO:Defining folds
2022-05-23 12:01:33,826:INFO:Declaring metric variables
2022-05-23 12:01:33,833:INFO:Importing untrained model
2022-05-23 12:01:33,841:INFO:Naive Bayes Imported succesfully
2022-05-23 12:01:33,855:INFO:Starting cross validation
2022-05-23 12:01:33,855:INFO:Cross validating with StratifiedKFold(n_splits=10, random_state=None, shuffle=False), n_jobs=-1
2022-05-23 12:01:35,147:INFO:Calculating mean and std
2022-05-23 12:01:35,147:INFO:Creating metrics dataframe
2022-05-23 12:01:35,151:INFO:Uploading results into container
2022-05-23 12:01:35,151:INFO:Uploading model into container now
2022-05-23 12:01:35,151:INFO:create_model_container: 3
2022-05-23 12:01:35,151:INFO:master_model_container: 3
2022-05-23 12:01:35,151:INFO:display_container: 2
2022-05-23 12:01:35,151:INFO:GaussianNB(priors=None, var_smoothing=1e-09)
2022-05-23 12:01:35,151:INFO:create_model() succesfully completed......................................
2022-05-23 12:01:35,204:INFO:SubProcess create_model() end ==================================
2022-05-23 12:01:35,205:INFO:Creating metrics dataframe
2022-05-23 12:01:35,221:INFO:Initializing Decision Tree Classifier
2022-05-23 12:01:35,222:INFO:Total runtime is 6.121957047780355 minutes
2022-05-23 12:01:35,229:INFO:SubProcess create_model() called ==================================
2022-05-23 12:01:35,229:INFO:Initializing create_model()
2022-05-23 12:01:35,229:INFO:create_model(estimator=dt, fold=StratifiedKFold(n_splits=10, random_state=None, shuffle=False), round=4, cross_validation=True, predict=True, fit_kwargs={}, groups=None, refit=False, verbose=False, system=False, metrics=None, add_to_model_list=True, probability_threshold=None, display=<pycaret.internal.Display.Display object at 0x000002DAA2E87400>, kwargs={})
2022-05-23 12:01:35,230:INFO:Checking exceptions
2022-05-23 12:01:35,230:INFO:Importing libraries
2022-05-23 12:01:35,230:INFO:Copying training dataset
2022-05-23 12:01:35,239:INFO:Defining folds
2022-05-23 12:01:35,239:INFO:Declaring metric variables
2022-05-23 12:01:35,247:INFO:Importing untrained model
2022-05-23 12:01:35,255:INFO:Decision Tree Classifier Imported succesfully
2022-05-23 12:01:35,271:INFO:Starting cross validation
2022-05-23 12:01:35,272:INFO:Cross validating with StratifiedKFold(n_splits=10, random_state=None, shuffle=False), n_jobs=-1
2022-05-23 12:01:42,069:INFO:Calculating mean and std
2022-05-23 12:01:42,070:INFO:Creating metrics dataframe
2022-05-23 12:01:42,073:INFO:Uploading results into container
2022-05-23 12:01:42,073:INFO:Uploading model into container now
2022-05-23 12:01:42,074:INFO:create_model_container: 4
2022-05-23 12:01:42,074:INFO:master_model_container: 4
2022-05-23 12:01:42,074:INFO:display_container: 2
2022-05-23 12:01:42,074:INFO:DecisionTreeClassifier(ccp_alpha=0.0, class_weight=None, criterion='gini',
                       max_depth=None, max_features=None, max_leaf_nodes=None,
                       min_impurity_decrease=0.0, min_impurity_split=None,
                       min_samples_leaf=1, min_samples_split=2,
                       min_weight_fraction_leaf=0.0, presort='deprecated',
                       random_state=2404, splitter='best')
2022-05-23 12:01:42,074:INFO:create_model() succesfully completed......................................
2022-05-23 12:01:42,133:INFO:SubProcess create_model() end ==================================
2022-05-23 12:01:42,133:INFO:Creating metrics dataframe
2022-05-23 12:01:42,151:INFO:Initializing SVM - Linear Kernel
2022-05-23 12:01:42,151:INFO:Total runtime is 6.2374520063400265 minutes
2022-05-23 12:01:42,158:INFO:SubProcess create_model() called ==================================
2022-05-23 12:01:42,158:INFO:Initializing create_model()
2022-05-23 12:01:42,159:INFO:create_model(estimator=svm, fold=StratifiedKFold(n_splits=10, random_state=None, shuffle=False), round=4, cross_validation=True, predict=True, fit_kwargs={}, groups=None, refit=False, verbose=False, system=False, metrics=None, add_to_model_list=True, probability_threshold=None, display=<pycaret.internal.Display.Display object at 0x000002DAA2E87400>, kwargs={})
2022-05-23 12:01:42,159:INFO:Checking exceptions
2022-05-23 12:01:42,159:INFO:Importing libraries
2022-05-23 12:01:42,159:INFO:Copying training dataset
2022-05-23 12:01:42,169:INFO:Defining folds
2022-05-23 12:01:42,169:INFO:Declaring metric variables
2022-05-23 12:01:42,178:INFO:Importing untrained model
2022-05-23 12:01:42,187:INFO:SVM - Linear Kernel Imported succesfully
2022-05-23 12:01:42,203:INFO:Starting cross validation
2022-05-23 12:01:42,204:INFO:Cross validating with StratifiedKFold(n_splits=10, random_state=None, shuffle=False), n_jobs=-1
2022-05-23 12:01:54,335:INFO:Calculating mean and std
2022-05-23 12:01:54,336:INFO:Creating metrics dataframe
2022-05-23 12:01:54,339:INFO:Uploading results into container
2022-05-23 12:01:54,339:INFO:Uploading model into container now
2022-05-23 12:01:54,340:INFO:create_model_container: 5
2022-05-23 12:01:54,340:INFO:master_model_container: 5
2022-05-23 12:01:54,340:INFO:display_container: 2
2022-05-23 12:01:54,340:INFO:SGDClassifier(alpha=0.0001, average=False, class_weight=None,
              early_stopping=False, epsilon=0.1, eta0=0.001, fit_intercept=True,
              l1_ratio=0.15, learning_rate='optimal', loss='hinge',
              max_iter=1000, n_iter_no_change=5, n_jobs=-1, penalty='l2',
              power_t=0.5, random_state=2404, shuffle=True, tol=0.001,
              validation_fraction=0.1, verbose=0, warm_start=False)
2022-05-23 12:01:54,340:INFO:create_model() succesfully completed......................................
2022-05-23 12:01:54,397:INFO:SubProcess create_model() end ==================================
2022-05-23 12:01:54,397:INFO:Creating metrics dataframe
2022-05-23 12:01:54,414:INFO:Initializing Ridge Classifier
2022-05-23 12:01:54,414:INFO:Total runtime is 6.441832427183787 minutes
2022-05-23 12:01:54,423:INFO:SubProcess create_model() called ==================================
2022-05-23 12:01:54,423:INFO:Initializing create_model()
2022-05-23 12:01:54,423:INFO:create_model(estimator=ridge, fold=StratifiedKFold(n_splits=10, random_state=None, shuffle=False), round=4, cross_validation=True, predict=True, fit_kwargs={}, groups=None, refit=False, verbose=False, system=False, metrics=None, add_to_model_list=True, probability_threshold=None, display=<pycaret.internal.Display.Display object at 0x000002DAA2E87400>, kwargs={})
2022-05-23 12:01:54,423:INFO:Checking exceptions
2022-05-23 12:01:54,423:INFO:Importing libraries
2022-05-23 12:01:54,423:INFO:Copying training dataset
2022-05-23 12:01:54,434:INFO:Defining folds
2022-05-23 12:01:54,434:INFO:Declaring metric variables
2022-05-23 12:01:54,443:INFO:Importing untrained model
2022-05-23 12:01:54,452:INFO:Ridge Classifier Imported succesfully
2022-05-23 12:01:54,471:INFO:Starting cross validation
2022-05-23 12:01:54,471:INFO:Cross validating with StratifiedKFold(n_splits=10, random_state=None, shuffle=False), n_jobs=-1
2022-05-23 12:01:55,845:INFO:Calculating mean and std
2022-05-23 12:01:55,846:INFO:Creating metrics dataframe
2022-05-23 12:01:55,851:INFO:Uploading results into container
2022-05-23 12:01:55,851:INFO:Uploading model into container now
2022-05-23 12:01:55,851:INFO:create_model_container: 6
2022-05-23 12:01:55,851:INFO:master_model_container: 6
2022-05-23 12:01:55,851:INFO:display_container: 2
2022-05-23 12:01:55,852:INFO:RidgeClassifier(alpha=1.0, class_weight=None, copy_X=True, fit_intercept=True,
                max_iter=None, normalize=False, random_state=2404,
                solver='auto', tol=0.001)
2022-05-23 12:01:55,852:INFO:create_model() succesfully completed......................................
2022-05-23 12:01:55,953:INFO:SubProcess create_model() end ==================================
2022-05-23 12:01:55,953:INFO:Creating metrics dataframe
2022-05-23 12:01:55,982:INFO:Initializing Random Forest Classifier
2022-05-23 12:01:55,982:INFO:Total runtime is 6.467959483464559 minutes
2022-05-23 12:01:55,992:INFO:SubProcess create_model() called ==================================
2022-05-23 12:01:55,993:INFO:Initializing create_model()
2022-05-23 12:01:55,993:INFO:create_model(estimator=rf, fold=StratifiedKFold(n_splits=10, random_state=None, shuffle=False), round=4, cross_validation=True, predict=True, fit_kwargs={}, groups=None, refit=False, verbose=False, system=False, metrics=None, add_to_model_list=True, probability_threshold=None, display=<pycaret.internal.Display.Display object at 0x000002DAA2E87400>, kwargs={})
2022-05-23 12:01:55,993:INFO:Checking exceptions
2022-05-23 12:01:55,993:INFO:Importing libraries
2022-05-23 12:01:55,993:INFO:Copying training dataset
2022-05-23 12:01:56,007:INFO:Defining folds
2022-05-23 12:01:56,007:INFO:Declaring metric variables
2022-05-23 12:01:56,020:INFO:Importing untrained model
2022-05-23 12:01:56,032:INFO:Random Forest Classifier Imported succesfully
2022-05-23 12:01:56,052:INFO:Starting cross validation
2022-05-23 12:01:56,053:INFO:Cross validating with StratifiedKFold(n_splits=10, random_state=None, shuffle=False), n_jobs=-1
2022-05-23 12:03:54,712:INFO:Calculating mean and std
2022-05-23 12:03:54,713:INFO:Creating metrics dataframe
2022-05-23 12:03:54,718:INFO:Uploading results into container
2022-05-23 12:03:54,718:INFO:Uploading model into container now
2022-05-23 12:03:54,718:INFO:create_model_container: 7
2022-05-23 12:03:54,718:INFO:master_model_container: 7
2022-05-23 12:03:54,718:INFO:display_container: 2
2022-05-23 12:03:54,719:INFO:RandomForestClassifier(bootstrap=True, ccp_alpha=0.0, class_weight=None,
                       criterion='gini', max_depth=None, max_features='auto',
                       max_leaf_nodes=None, max_samples=None,
                       min_impurity_decrease=0.0, min_impurity_split=None,
                       min_samples_leaf=1, min_samples_split=2,
                       min_weight_fraction_leaf=0.0, n_estimators=100,
                       n_jobs=-1, oob_score=False, random_state=2404, verbose=0,
                       warm_start=False)
2022-05-23 12:03:54,719:INFO:create_model() succesfully completed......................................
2022-05-23 12:03:54,806:INFO:SubProcess create_model() end ==================================
2022-05-23 12:03:54,807:INFO:Creating metrics dataframe
2022-05-23 12:03:54,825:INFO:Initializing Quadratic Discriminant Analysis
2022-05-23 12:03:54,825:INFO:Total runtime is 8.448687895139058 minutes
2022-05-23 12:03:54,835:INFO:SubProcess create_model() called ==================================
2022-05-23 12:03:54,835:INFO:Initializing create_model()
2022-05-23 12:03:54,835:INFO:create_model(estimator=qda, fold=StratifiedKFold(n_splits=10, random_state=None, shuffle=False), round=4, cross_validation=True, predict=True, fit_kwargs={}, groups=None, refit=False, verbose=False, system=False, metrics=None, add_to_model_list=True, probability_threshold=None, display=<pycaret.internal.Display.Display object at 0x000002DAA2E87400>, kwargs={})
2022-05-23 12:03:54,835:INFO:Checking exceptions
2022-05-23 12:03:54,836:INFO:Importing libraries
2022-05-23 12:03:54,836:INFO:Copying training dataset
2022-05-23 12:03:54,855:INFO:Defining folds
2022-05-23 12:03:54,855:INFO:Declaring metric variables
2022-05-23 12:03:54,866:INFO:Importing untrained model
2022-05-23 12:03:54,875:INFO:Quadratic Discriminant Analysis Imported succesfully
2022-05-23 12:03:54,896:INFO:Starting cross validation
2022-05-23 12:03:54,896:INFO:Cross validating with StratifiedKFold(n_splits=10, random_state=None, shuffle=False), n_jobs=-1
2022-05-23 12:04:03,825:INFO:Calculating mean and std
2022-05-23 12:04:03,827:INFO:Creating metrics dataframe
2022-05-23 12:04:03,835:INFO:Uploading results into container
2022-05-23 12:04:03,836:INFO:Uploading model into container now
2022-05-23 12:04:03,836:INFO:create_model_container: 8
2022-05-23 12:04:03,836:INFO:master_model_container: 8
2022-05-23 12:04:03,836:INFO:display_container: 2
2022-05-23 12:04:03,836:INFO:QuadraticDiscriminantAnalysis(priors=None, reg_param=0.0,
                              store_covariance=False, tol=0.0001)
2022-05-23 12:04:03,837:INFO:create_model() succesfully completed......................................
2022-05-23 12:04:03,947:INFO:SubProcess create_model() end ==================================
2022-05-23 12:04:03,947:INFO:Creating metrics dataframe
2022-05-23 12:04:03,974:INFO:Initializing Ada Boost Classifier
2022-05-23 12:04:03,974:INFO:Total runtime is 8.60116341114044 minutes
2022-05-23 12:04:03,985:INFO:SubProcess create_model() called ==================================
2022-05-23 12:04:03,985:INFO:Initializing create_model()
2022-05-23 12:04:03,985:INFO:create_model(estimator=ada, fold=StratifiedKFold(n_splits=10, random_state=None, shuffle=False), round=4, cross_validation=True, predict=True, fit_kwargs={}, groups=None, refit=False, verbose=False, system=False, metrics=None, add_to_model_list=True, probability_threshold=None, display=<pycaret.internal.Display.Display object at 0x000002DAA2E87400>, kwargs={})
2022-05-23 12:04:03,986:INFO:Checking exceptions
2022-05-23 12:04:03,986:INFO:Importing libraries
2022-05-23 12:04:03,986:INFO:Copying training dataset
2022-05-23 12:04:04,002:INFO:Defining folds
2022-05-23 12:04:04,003:INFO:Declaring metric variables
2022-05-23 12:04:04,013:INFO:Importing untrained model
2022-05-23 12:04:04,026:INFO:Ada Boost Classifier Imported succesfully
2022-05-23 12:04:04,048:INFO:Starting cross validation
2022-05-23 12:04:04,049:INFO:Cross validating with StratifiedKFold(n_splits=10, random_state=None, shuffle=False), n_jobs=-1
2022-05-23 12:04:33,448:INFO:Calculating mean and std
2022-05-23 12:04:33,449:INFO:Creating metrics dataframe
2022-05-23 12:04:33,452:INFO:Uploading results into container
2022-05-23 12:04:33,453:INFO:Uploading model into container now
2022-05-23 12:04:33,453:INFO:create_model_container: 9
2022-05-23 12:04:33,453:INFO:master_model_container: 9
2022-05-23 12:04:33,453:INFO:display_container: 2
2022-05-23 12:04:33,453:INFO:AdaBoostClassifier(algorithm='SAMME.R', base_estimator=None, learning_rate=1.0,
                   n_estimators=50, random_state=2404)
2022-05-23 12:04:33,453:INFO:create_model() succesfully completed......................................
2022-05-23 12:04:33,507:INFO:SubProcess create_model() end ==================================
2022-05-23 12:04:33,507:INFO:Creating metrics dataframe
2022-05-23 12:04:33,527:INFO:Initializing Gradient Boosting Classifier
2022-05-23 12:04:33,527:INFO:Total runtime is 9.093715294202168 minutes
2022-05-23 12:04:33,534:INFO:SubProcess create_model() called ==================================
2022-05-23 12:04:33,535:INFO:Initializing create_model()
2022-05-23 12:04:33,535:INFO:create_model(estimator=gbc, fold=StratifiedKFold(n_splits=10, random_state=None, shuffle=False), round=4, cross_validation=True, predict=True, fit_kwargs={}, groups=None, refit=False, verbose=False, system=False, metrics=None, add_to_model_list=True, probability_threshold=None, display=<pycaret.internal.Display.Display object at 0x000002DAA2E87400>, kwargs={})
2022-05-23 12:04:33,535:INFO:Checking exceptions
2022-05-23 12:04:33,535:INFO:Importing libraries
2022-05-23 12:04:33,535:INFO:Copying training dataset
2022-05-23 12:04:33,545:INFO:Defining folds
2022-05-23 12:04:33,545:INFO:Declaring metric variables
2022-05-23 12:04:33,552:INFO:Importing untrained model
2022-05-23 12:04:33,561:INFO:Gradient Boosting Classifier Imported succesfully
2022-05-23 12:04:33,578:INFO:Starting cross validation
2022-05-23 12:04:33,578:INFO:Cross validating with StratifiedKFold(n_splits=10, random_state=None, shuffle=False), n_jobs=-1
2022-05-23 12:06:43,143:INFO:Calculating mean and std
2022-05-23 12:06:43,144:INFO:Creating metrics dataframe
2022-05-23 12:06:43,147:INFO:Uploading results into container
2022-05-23 12:06:43,147:INFO:Uploading model into container now
2022-05-23 12:06:43,147:INFO:create_model_container: 10
2022-05-23 12:06:43,147:INFO:master_model_container: 10
2022-05-23 12:06:43,147:INFO:display_container: 2
2022-05-23 12:06:43,148:INFO:GradientBoostingClassifier(ccp_alpha=0.0, criterion='friedman_mse', init=None,
                           learning_rate=0.1, loss='deviance', max_depth=3,
                           max_features=None, max_leaf_nodes=None,
                           min_impurity_decrease=0.0, min_impurity_split=None,
                           min_samples_leaf=1, min_samples_split=2,
                           min_weight_fraction_leaf=0.0, n_estimators=100,
                           n_iter_no_change=None, presort='deprecated',
                           random_state=2404, subsample=1.0, tol=0.0001,
                           validation_fraction=0.1, verbose=0,
                           warm_start=False)
2022-05-23 12:06:43,148:INFO:create_model() succesfully completed......................................
2022-05-23 12:06:43,208:INFO:SubProcess create_model() end ==================================
2022-05-23 12:06:43,209:INFO:Creating metrics dataframe
2022-05-23 12:06:43,230:INFO:Initializing Linear Discriminant Analysis
2022-05-23 12:06:43,230:INFO:Total runtime is 11.255428365866342 minutes
2022-05-23 12:06:43,238:INFO:SubProcess create_model() called ==================================
2022-05-23 12:06:43,238:INFO:Initializing create_model()
2022-05-23 12:06:43,238:INFO:create_model(estimator=lda, fold=StratifiedKFold(n_splits=10, random_state=None, shuffle=False), round=4, cross_validation=True, predict=True, fit_kwargs={}, groups=None, refit=False, verbose=False, system=False, metrics=None, add_to_model_list=True, probability_threshold=None, display=<pycaret.internal.Display.Display object at 0x000002DAA2E87400>, kwargs={})
2022-05-23 12:06:43,238:INFO:Checking exceptions
2022-05-23 12:06:43,238:INFO:Importing libraries
2022-05-23 12:06:43,238:INFO:Copying training dataset
2022-05-23 12:06:43,249:INFO:Defining folds
2022-05-23 12:06:43,249:INFO:Declaring metric variables
2022-05-23 12:06:43,257:INFO:Importing untrained model
2022-05-23 12:06:43,266:INFO:Linear Discriminant Analysis Imported succesfully
2022-05-23 12:06:43,283:INFO:Starting cross validation
2022-05-23 12:06:43,284:INFO:Cross validating with StratifiedKFold(n_splits=10, random_state=None, shuffle=False), n_jobs=-1
2022-05-23 12:06:54,061:INFO:Calculating mean and std
2022-05-23 12:06:54,062:INFO:Creating metrics dataframe
2022-05-23 12:06:54,067:INFO:Uploading results into container
2022-05-23 12:06:54,068:INFO:Uploading model into container now
2022-05-23 12:06:54,068:INFO:create_model_container: 11
2022-05-23 12:06:54,068:INFO:master_model_container: 11
2022-05-23 12:06:54,068:INFO:display_container: 2
2022-05-23 12:06:54,068:INFO:LinearDiscriminantAnalysis(n_components=None, priors=None, shrinkage=None,
                           solver='svd', store_covariance=False, tol=0.0001)
2022-05-23 12:06:54,068:INFO:create_model() succesfully completed......................................
2022-05-23 12:06:54,136:INFO:SubProcess create_model() end ==================================
2022-05-23 12:06:54,136:INFO:Creating metrics dataframe
2022-05-23 12:06:54,157:INFO:Initializing Extra Trees Classifier
2022-05-23 12:06:54,158:INFO:Total runtime is 11.437561551729837 minutes
2022-05-23 12:06:54,166:INFO:SubProcess create_model() called ==================================
2022-05-23 12:06:54,166:INFO:Initializing create_model()
2022-05-23 12:06:54,166:INFO:create_model(estimator=et, fold=StratifiedKFold(n_splits=10, random_state=None, shuffle=False), round=4, cross_validation=True, predict=True, fit_kwargs={}, groups=None, refit=False, verbose=False, system=False, metrics=None, add_to_model_list=True, probability_threshold=None, display=<pycaret.internal.Display.Display object at 0x000002DAA2E87400>, kwargs={})
2022-05-23 12:06:54,166:INFO:Checking exceptions
2022-05-23 12:06:54,166:INFO:Importing libraries
2022-05-23 12:06:54,167:INFO:Copying training dataset
2022-05-23 12:06:54,179:INFO:Defining folds
2022-05-23 12:06:54,179:INFO:Declaring metric variables
2022-05-23 12:06:54,190:INFO:Importing untrained model
2022-05-23 12:06:54,199:INFO:Extra Trees Classifier Imported succesfully
2022-05-23 12:06:54,218:INFO:Starting cross validation
2022-05-23 12:06:54,219:INFO:Cross validating with StratifiedKFold(n_splits=10, random_state=None, shuffle=False), n_jobs=-1
2022-05-23 12:09:26,857:INFO:Calculating mean and std
2022-05-23 12:09:26,858:INFO:Creating metrics dataframe
2022-05-23 12:09:26,862:INFO:Uploading results into container
2022-05-23 12:09:26,863:INFO:Uploading model into container now
2022-05-23 12:09:26,863:INFO:create_model_container: 12
2022-05-23 12:09:26,863:INFO:master_model_container: 12
2022-05-23 12:09:26,863:INFO:display_container: 2
2022-05-23 12:09:26,863:INFO:ExtraTreesClassifier(bootstrap=False, ccp_alpha=0.0, class_weight=None,
                     criterion='gini', max_depth=None, max_features='auto',
                     max_leaf_nodes=None, max_samples=None,
                     min_impurity_decrease=0.0, min_impurity_split=None,
                     min_samples_leaf=1, min_samples_split=2,
                     min_weight_fraction_leaf=0.0, n_estimators=100, n_jobs=-1,
                     oob_score=False, random_state=2404, verbose=0,
                     warm_start=False)
2022-05-23 12:09:26,863:INFO:create_model() succesfully completed......................................
2022-05-23 12:09:27,013:INFO:SubProcess create_model() end ==================================
2022-05-23 12:09:27,013:INFO:Creating metrics dataframe
2022-05-23 12:09:27,051:INFO:Initializing Light Gradient Boosting Machine
2022-05-23 12:09:27,052:INFO:Total runtime is 13.985792370637258 minutes
2022-05-23 12:09:27,064:INFO:SubProcess create_model() called ==================================
2022-05-23 12:09:27,065:INFO:Initializing create_model()
2022-05-23 12:09:27,065:INFO:create_model(estimator=lightgbm, fold=StratifiedKFold(n_splits=10, random_state=None, shuffle=False), round=4, cross_validation=True, predict=True, fit_kwargs={}, groups=None, refit=False, verbose=False, system=False, metrics=None, add_to_model_list=True, probability_threshold=None, display=<pycaret.internal.Display.Display object at 0x000002DAA2E87400>, kwargs={})
2022-05-23 12:09:27,065:INFO:Checking exceptions
2022-05-23 12:09:27,065:INFO:Importing libraries
2022-05-23 12:09:27,065:INFO:Copying training dataset
2022-05-23 12:09:27,083:INFO:Defining folds
2022-05-23 12:09:27,083:INFO:Declaring metric variables
2022-05-23 12:09:27,101:INFO:Importing untrained model
2022-05-23 12:09:27,115:INFO:Light Gradient Boosting Machine Imported succesfully
2022-05-23 12:09:27,143:INFO:Starting cross validation
2022-05-23 12:09:27,144:INFO:Cross validating with StratifiedKFold(n_splits=10, random_state=None, shuffle=False), n_jobs=-1
2022-05-23 12:09:35,044:INFO:Calculating mean and std
2022-05-23 12:09:35,045:INFO:Creating metrics dataframe
2022-05-23 12:09:35,049:INFO:Uploading results into container
2022-05-23 12:09:35,049:INFO:Uploading model into container now
2022-05-23 12:09:35,049:INFO:create_model_container: 13
2022-05-23 12:09:35,049:INFO:master_model_container: 13
2022-05-23 12:09:35,049:INFO:display_container: 2
2022-05-23 12:09:35,049:INFO:LGBMClassifier(boosting_type='gbdt', class_weight=None, colsample_bytree=1.0,
               importance_type='split', learning_rate=0.1, max_depth=-1,
               min_child_samples=20, min_child_weight=0.001, min_split_gain=0.0,
               n_estimators=100, n_jobs=-1, num_leaves=31, objective=None,
               random_state=2404, reg_alpha=0.0, reg_lambda=0.0, silent='warn',
               subsample=1.0, subsample_for_bin=200000, subsample_freq=0)
2022-05-23 12:09:35,050:INFO:create_model() succesfully completed......................................
2022-05-23 12:09:35,106:INFO:SubProcess create_model() end ==================================
2022-05-23 12:09:35,106:INFO:Creating metrics dataframe
2022-05-23 12:09:35,127:INFO:Initializing Dummy Classifier
2022-05-23 12:09:35,127:INFO:Total runtime is 14.12038851181666 minutes
2022-05-23 12:09:35,136:INFO:SubProcess create_model() called ==================================
2022-05-23 12:09:35,136:INFO:Initializing create_model()
2022-05-23 12:09:35,136:INFO:create_model(estimator=dummy, fold=StratifiedKFold(n_splits=10, random_state=None, shuffle=False), round=4, cross_validation=True, predict=True, fit_kwargs={}, groups=None, refit=False, verbose=False, system=False, metrics=None, add_to_model_list=True, probability_threshold=None, display=<pycaret.internal.Display.Display object at 0x000002DAA2E87400>, kwargs={})
2022-05-23 12:09:35,136:INFO:Checking exceptions
2022-05-23 12:09:35,136:INFO:Importing libraries
2022-05-23 12:09:35,136:INFO:Copying training dataset
2022-05-23 12:09:35,147:INFO:Defining folds
2022-05-23 12:09:35,147:INFO:Declaring metric variables
2022-05-23 12:09:35,156:INFO:Importing untrained model
2022-05-23 12:09:35,165:INFO:Dummy Classifier Imported succesfully
2022-05-23 12:09:35,182:INFO:Starting cross validation
2022-05-23 12:09:35,183:INFO:Cross validating with StratifiedKFold(n_splits=10, random_state=None, shuffle=False), n_jobs=-1
2022-05-23 12:09:35,776:INFO:Calculating mean and std
2022-05-23 12:09:35,777:INFO:Creating metrics dataframe
2022-05-23 12:09:35,781:INFO:Uploading results into container
2022-05-23 12:09:35,781:INFO:Uploading model into container now
2022-05-23 12:09:35,781:INFO:create_model_container: 14
2022-05-23 12:09:35,781:INFO:master_model_container: 14
2022-05-23 12:09:35,781:INFO:display_container: 2
2022-05-23 12:09:35,781:INFO:DummyClassifier(constant=None, random_state=2404, strategy='prior')
2022-05-23 12:09:35,781:INFO:create_model() succesfully completed......................................
2022-05-23 12:09:35,837:INFO:SubProcess create_model() end ==================================
2022-05-23 12:09:35,837:INFO:Creating metrics dataframe
2022-05-23 12:09:35,877:INFO:Initializing create_model()
2022-05-23 12:09:35,877:INFO:create_model(estimator=GradientBoostingClassifier(ccp_alpha=0.0, criterion='friedman_mse', init=None,
                           learning_rate=0.1, loss='deviance', max_depth=3,
                           max_features=None, max_leaf_nodes=None,
                           min_impurity_decrease=0.0, min_impurity_split=None,
                           min_samples_leaf=1, min_samples_split=2,
                           min_weight_fraction_leaf=0.0, n_estimators=100,
                           n_iter_no_change=None, presort='deprecated',
                           random_state=2404, subsample=1.0, tol=0.0001,
                           validation_fraction=0.1, verbose=0,
                           warm_start=False), fold=StratifiedKFold(n_splits=10, random_state=None, shuffle=False), round=4, cross_validation=False, predict=False, fit_kwargs={}, groups=None, refit=True, verbose=False, system=False, metrics=None, add_to_model_list=True, probability_threshold=None, display=None, kwargs={})
2022-05-23 12:09:35,877:INFO:Checking exceptions
2022-05-23 12:09:35,877:INFO:Importing libraries
2022-05-23 12:09:35,878:INFO:Copying training dataset
2022-05-23 12:09:35,889:INFO:Defining folds
2022-05-23 12:09:35,889:INFO:Declaring metric variables
2022-05-23 12:09:35,889:INFO:Importing untrained model
2022-05-23 12:09:35,889:INFO:Declaring custom model
2022-05-23 12:09:35,890:INFO:Gradient Boosting Classifier Imported succesfully
2022-05-23 12:09:35,890:INFO:Cross validation set to False
2022-05-23 12:09:35,890:INFO:Fitting Model
2022-05-23 12:10:07,272:INFO:GradientBoostingClassifier(ccp_alpha=0.0, criterion='friedman_mse', init=None,
                           learning_rate=0.1, loss='deviance', max_depth=3,
                           max_features=None, max_leaf_nodes=None,
                           min_impurity_decrease=0.0, min_impurity_split=None,
                           min_samples_leaf=1, min_samples_split=2,
                           min_weight_fraction_leaf=0.0, n_estimators=100,
                           n_iter_no_change=None, presort='deprecated',
                           random_state=2404, subsample=1.0, tol=0.0001,
                           validation_fraction=0.1, verbose=0,
                           warm_start=False)
2022-05-23 12:10:07,273:INFO:create_models() succesfully completed......................................
2022-05-23 12:10:07,372:INFO:create_model_container: 14
2022-05-23 12:10:07,372:INFO:master_model_container: 14
2022-05-23 12:10:07,373:INFO:display_container: 2
2022-05-23 12:10:07,373:INFO:GradientBoostingClassifier(ccp_alpha=0.0, criterion='friedman_mse', init=None,
                           learning_rate=0.1, loss='deviance', max_depth=3,
                           max_features=None, max_leaf_nodes=None,
                           min_impurity_decrease=0.0, min_impurity_split=None,
                           min_samples_leaf=1, min_samples_split=2,
                           min_weight_fraction_leaf=0.0, n_estimators=100,
                           n_iter_no_change=None, presort='deprecated',
                           random_state=2404, subsample=1.0, tol=0.0001,
                           validation_fraction=0.1, verbose=0,
                           warm_start=False)
2022-05-23 12:10:07,373:INFO:compare_models() succesfully completed......................................
2022-05-23 12:12:02,860:INFO:Initializing evaluate_model()
2022-05-23 12:12:02,860:INFO:evaluate_model(estimator=GradientBoostingClassifier(ccp_alpha=0.0, criterion='friedman_mse', init=None,
                           learning_rate=0.1, loss='deviance', max_depth=3,
                           max_features=None, max_leaf_nodes=None,
                           min_impurity_decrease=0.0, min_impurity_split=None,
                           min_samples_leaf=1, min_samples_split=2,
                           min_weight_fraction_leaf=0.0, n_estimators=100,
                           n_iter_no_change=None, presort='deprecated',
                           random_state=2404, subsample=1.0, tol=0.0001,
                           validation_fraction=0.1, verbose=0,
                           warm_start=False), fold=None, fit_kwargs=None, plot_kwargs=None, feature_name=None, groups=None, use_train_data=False)
2022-05-23 12:12:02,877:INFO:Initializing plot_model()
2022-05-23 12:12:02,877:INFO:plot_model(fold=StratifiedKFold(n_splits=10, random_state=None, shuffle=False), use_train_data=False, verbose=True, is_in_evaluate=True, display=None, display_format=None, estimator=GradientBoostingClassifier(ccp_alpha=0.0, criterion='friedman_mse', init=None,
                           learning_rate=0.1, loss='deviance', max_depth=3,
                           max_features=None, max_leaf_nodes=None,
                           min_impurity_decrease=0.0, min_impurity_split=None,
                           min_samples_leaf=1, min_samples_split=2,
                           min_weight_fraction_leaf=0.0, n_estimators=100,
                           n_iter_no_change=None, presort='deprecated',
                           random_state=2404, subsample=1.0, tol=0.0001,
                           validation_fraction=0.1, verbose=0,
                           warm_start=False), feature_name=None, fit_kwargs={}, groups=None, label=False, plot=parameter, plot_kwargs={}, save=False, scale=1, system=True)
2022-05-23 12:12:02,877:INFO:Checking exceptions
2022-05-23 12:12:02,881:INFO:Preparing display monitor
2022-05-23 12:12:02,887:INFO:Preloading libraries
2022-05-23 12:12:02,895:INFO:Copying training dataset
2022-05-23 12:12:02,906:INFO:Copying test dataset
2022-05-23 12:12:02,911:INFO:Plot type: parameter
2022-05-23 12:12:02,919:INFO:Visual Rendered Successfully
2022-05-23 12:12:02,975:INFO:plot_model() succesfully completed......................................
2022-05-23 12:12:04,846:INFO:Initializing plot_model()
2022-05-23 12:12:04,846:INFO:plot_model(fold=StratifiedKFold(n_splits=10, random_state=None, shuffle=False), use_train_data=False, verbose=True, is_in_evaluate=True, display=None, display_format=None, estimator=GradientBoostingClassifier(ccp_alpha=0.0, criterion='friedman_mse', init=None,
                           learning_rate=0.1, loss='deviance', max_depth=3,
                           max_features=None, max_leaf_nodes=None,
                           min_impurity_decrease=0.0, min_impurity_split=None,
                           min_samples_leaf=1, min_samples_split=2,
                           min_weight_fraction_leaf=0.0, n_estimators=100,
                           n_iter_no_change=None, presort='deprecated',
                           random_state=2404, subsample=1.0, tol=0.0001,
                           validation_fraction=0.1, verbose=0,
                           warm_start=False), feature_name=None, fit_kwargs={}, groups=None, label=False, plot=feature, plot_kwargs={}, save=False, scale=1, system=True)
2022-05-23 12:12:04,846:INFO:Checking exceptions
2022-05-23 12:12:04,850:INFO:Preparing display monitor
2022-05-23 12:12:04,855:INFO:Preloading libraries
2022-05-23 12:12:04,864:INFO:Copying training dataset
2022-05-23 12:12:04,873:INFO:Copying test dataset
2022-05-23 12:12:04,877:INFO:Plot type: feature
2022-05-23 12:12:04,880:WARNING:No coef_ found. Trying feature_importances_
2022-05-23 12:12:05,057:INFO:Visual Rendered Successfully
2022-05-23 12:12:05,113:INFO:plot_model() succesfully completed......................................
2022-05-23 12:12:39,959:INFO:Initializing create_model()
2022-05-23 12:12:39,959:INFO:create_model(estimator=nb, fold=None, round=4, cross_validation=True, predict=True, fit_kwargs=None, groups=None, refit=True, verbose=True, system=True, metrics=None, add_to_model_list=True, probability_threshold=None, display=None, kwargs={})
2022-05-23 12:12:39,959:INFO:Checking exceptions
2022-05-23 12:12:39,959:INFO:Preparing display monitor
2022-05-23 12:12:39,976:INFO:Importing libraries
2022-05-23 12:12:39,976:INFO:Copying training dataset
2022-05-23 12:12:39,988:INFO:Defining folds
2022-05-23 12:12:39,988:INFO:Declaring metric variables
2022-05-23 12:12:39,996:INFO:Importing untrained model
2022-05-23 12:12:40,004:INFO:Naive Bayes Imported succesfully
2022-05-23 12:12:40,020:INFO:Starting cross validation
2022-05-23 12:12:40,020:INFO:Cross validating with StratifiedKFold(n_splits=10, random_state=None, shuffle=False), n_jobs=-1
2022-05-23 12:12:41,453:INFO:Calculating mean and std
2022-05-23 12:12:41,455:INFO:Creating metrics dataframe
2022-05-23 12:12:41,470:INFO:Finalizing model
2022-05-23 12:12:41,576:INFO:Uploading results into container
2022-05-23 12:12:41,576:INFO:Uploading model into container now
2022-05-23 12:12:41,590:INFO:create_model_container: 15
2022-05-23 12:12:41,590:INFO:master_model_container: 15
2022-05-23 12:12:41,590:INFO:display_container: 3
2022-05-23 12:12:41,590:INFO:GaussianNB(priors=None, var_smoothing=1e-09)
2022-05-23 12:12:41,590:INFO:create_model() succesfully completed......................................
2022-05-23 12:13:16,491:INFO:Initializing evaluate_model()
2022-05-23 12:13:16,492:INFO:evaluate_model(estimator=GaussianNB(priors=None, var_smoothing=1e-09), fold=None, fit_kwargs=None, plot_kwargs=None, feature_name=None, groups=None, use_train_data=False)
2022-05-23 12:13:16,507:INFO:Initializing plot_model()
2022-05-23 12:13:16,507:INFO:plot_model(fold=StratifiedKFold(n_splits=10, random_state=None, shuffle=False), use_train_data=False, verbose=True, is_in_evaluate=True, display=None, display_format=None, estimator=GaussianNB(priors=None, var_smoothing=1e-09), feature_name=None, fit_kwargs={}, groups=None, label=False, plot=parameter, plot_kwargs={}, save=False, scale=1, system=True)
2022-05-23 12:13:16,507:INFO:Checking exceptions
2022-05-23 12:13:16,510:INFO:Preparing display monitor
2022-05-23 12:13:16,518:INFO:Preloading libraries
2022-05-23 12:13:16,518:INFO:Copying training dataset
2022-05-23 12:13:16,529:INFO:Copying test dataset
2022-05-23 12:13:16,535:INFO:Plot type: parameter
2022-05-23 12:13:16,541:INFO:Visual Rendered Successfully
2022-05-23 12:13:16,597:INFO:plot_model() succesfully completed......................................
2022-05-23 12:13:18,702:INFO:Initializing plot_model()
2022-05-23 12:13:18,703:INFO:plot_model(fold=StratifiedKFold(n_splits=10, random_state=None, shuffle=False), use_train_data=False, verbose=True, is_in_evaluate=True, display=None, display_format=None, estimator=GaussianNB(priors=None, var_smoothing=1e-09), feature_name=None, fit_kwargs={}, groups=None, label=False, plot=feature, plot_kwargs={}, save=False, scale=1, system=True)
2022-05-23 12:13:18,703:INFO:Checking exceptions
2022-05-23 12:13:22,968:INFO:Initializing plot_model()
2022-05-23 12:13:22,968:INFO:plot_model(fold=StratifiedKFold(n_splits=10, random_state=None, shuffle=False), use_train_data=False, verbose=True, is_in_evaluate=True, display=None, display_format=None, estimator=GaussianNB(priors=None, var_smoothing=1e-09), feature_name=None, fit_kwargs={}, groups=None, label=False, plot=parameter, plot_kwargs={}, save=False, scale=1, system=True)
2022-05-23 12:13:22,968:INFO:Checking exceptions
2022-05-23 12:13:22,971:INFO:Preparing display monitor
2022-05-23 12:13:22,977:INFO:Preloading libraries
2022-05-23 12:13:22,978:INFO:Copying training dataset
2022-05-23 12:13:22,988:INFO:Copying test dataset
2022-05-23 12:13:22,992:INFO:Plot type: parameter
2022-05-23 12:13:22,998:INFO:Visual Rendered Successfully
2022-05-23 12:13:23,056:INFO:plot_model() succesfully completed......................................
